demo/build/outputs/apk/manifest-merger-debug-report.txt
-- Merging decision tree log ---
manifest
ADDED from AndroidManifest.xml:17:1
	package
		ADDED from AndroidManifest.xml:18:5
	android:versionName
		ADDED from AndroidManifest.xml:20:5
	android:versionCode
		ADDED from AndroidManifest.xml:19:5
		INJECTED from AndroidManifest.xml:0:0
		INJECTED from AndroidManifest.xml:0:0
	xmlns:android
		ADDED from AndroidManifest.xml:17:11
	android:theme
		ADDED from AndroidManifest.xml:21:5
uses-permission#android.permission.INTERNET
ADDED from AndroidManifest.xml:23:3
MERGED from ExoPlayer-master:library:unspecified:29:5
	android:name
		ADDED from AndroidManifest.xml:23:20
uses-permission#android.permission.ACCESS_NETWORK_STATE
ADDED from AndroidManifest.xml:24:3
MERGED from ExoPlayer-master:library:unspecified:30:5
	android:name
		ADDED from AndroidManifest.xml:24:20
uses-permission#android.permission.ACCESS_WIFI_STATE
ADDED from AndroidManifest.xml:25:3
MERGED from ExoPlayer-master:library:unspecified:31:5
	android:name
		ADDED from AndroidManifest.xml:25:20
uses-permission#android.permission.WRITE_EXTERNAL_STORAGE
ADDED from AndroidManifest.xml:26:3
MERGED from ExoPlayer-master:library:unspecified:32:5
	android:name
		ADDED from AndroidManifest.xml:26:20
uses-permission#android.permission.RECORD_AUDIO
ADDED from AndroidManifest.xml:27:3
	android:name
		ADDED from AndroidManifest.xml:27:20
uses-permission#android.permission.READ_EXTERNAL_STORAGE
ADDED from AndroidManifest.xml:28:3
	android:name
		ADDED from AndroidManifest.xml:28:20
uses-sdk
ADDED from AndroidManifest.xml:30:5
MERGED from ExoPlayer-master:library:unspecified:25:5
	android:targetSdkVersion
		ADDED from AndroidManifest.xml:30:42
		INJECTED from AndroidManifest.xml:0:0
		INJECTED from AndroidManifest.xml:0:0
	android:minSdkVersion
		ADDED from AndroidManifest.xml:30:15
		INJECTED from AndroidManifest.xml:0:0
		INJECTED from AndroidManifest.xml:0:0
application
ADDED from AndroidManifest.xml:32:3
	android:label
		ADDED from AndroidManifest.xml:33:7
	android:allowBackup
		ADDED from AndroidManifest.xml:36:7
	android:icon
		ADDED from AndroidManifest.xml:34:7
	android:largeHeap
		ADDED from AndroidManifest.xml:35:7
activity#com.google.android.exoplayer.demo.SampleChooserActivity
ADDED from AndroidManifest.xml:38:5
	android:label
		ADDED from AndroidManifest.xml:40:9
	android:configChanges
		ADDED from AndroidManifest.xml:39:9
	android:name
		ADDED from AndroidManifest.xml:38:15
intent-filter#android.intent.action.MAIN+android.intent.category.LAUNCHER
ADDED from AndroidManifest.xml:41:7
action#android.intent.action.MAIN
ADDED from AndroidManifest.xml:42:9
	android:name
		ADDED from AndroidManifest.xml:42:17
category#android.intent.category.LAUNCHER
ADDED from AndroidManifest.xml:43:9
	android:name
		ADDED from AndroidManifest.xml:43:19
activity#com.google.android.exoplayer.demo.PlayerActivity
ADDED from AndroidManifest.xml:47:5
	android:label
		ADDED from AndroidManifest.xml:49:9
	android:configChanges
		ADDED from AndroidManifest.xml:48:9
	android:theme
		ADDED from AndroidManifest.xml:50:9
	android:name
		ADDED from AndroidManifest.xml:47:15